  源1.cpp
C:\项目\test_1\源1.cpp(392,13): error C2017: 非法的转义序列
C:\项目\test_1\源1.cpp(392,14): error C2146: 语法错误: 缺少“)”(在标识符“n”的前面)
C:\项目\test_1\源1.cpp(392,14): error C2146: 语法错误: 缺少“;”(在标识符“n”的前面)
C:\项目\test_1\源1.cpp(392,15): error C2059: 语法错误:“)”
C:\项目\test_1\源1.cpp(392,14): error C2065: “n”: 未声明的标识符
